2016-07-05 13:48:08 Successful write: output0.xml
2016-07-05 13:48:08 Successful write: output1.xml
2016-07-05 13:48:08 Successful write: output2.xml
2016-07-05 13:48:08 Successful write: output3.xml
2016-07-05 13:48:08 Successful write: output4.xml
2016-07-05 13:48:08 Successful write: output5.xml
2016-07-05 13:48:08 Successful write: output6.xml
2016-07-05 13:48:08 Successful write: output7.xml
2016-07-05 13:48:08 Successful write: output8.xml
2016-07-05 13:48:08 Successful write: output9.xml
2016-07-05 14:06:39 Successful write: \\swr10173\ftp\Tuotanto\Ip\WP\documents\2016-maaliskuu0.xml
2016-07-05 14:06:39 Successful write: \\swr10173\ftp\Tuotanto\Ip\WP\documents\2016-maaliskuu1.xml
2016-07-05 14:06:39 Successful write: \\swr10173\ftp\Tuotanto\Ip\WP\documents\2016-maaliskuu2.xml
2016-07-05 14:06:39 Successful write: \\swr10173\ftp\Tuotanto\Ip\WP\documents\2016-maaliskuu3.xml
2016-07-05 14:06:39 Successful write: \\swr10173\ftp\Tuotanto\Ip\WP\documents\2016-maaliskuu4.xml
2016-07-05 14:06:39 Successful write: \\swr10173\ftp\Tuotanto\Ip\WP\documents\2016-maaliskuu5.xml
2016-07-05 14:06:39 Successful write: \\swr10173\ftp\Tuotanto\Ip\WP\documents\2016-maaliskuu6.xml
2016-07-05 14:06:39 Successful write: \\swr10173\ftp\Tuotanto\Ip\WP\documents\2016-maaliskuu7.xml
2016-07-05 14:06:40 Successful write: \\swr10173\ftp\Tuotanto\Ip\WP\documents\2016-maaliskuu8.xml
2016-07-05 14:06:40 Successful write: \\swr10173\ftp\Tuotanto\Ip\WP\documents\2016-maaliskuu9.xml
2016-07-05 14:10:42 Successful write: \\swr10173\ftp\Tuotanto\Ip\WP\documents\2016-helmikuu0.xml
2016-07-05 14:10:42 Successful write: \\swr10173\ftp\Tuotanto\Ip\WP\documents\2016-helmikuu1.xml
2016-07-05 14:10:42 Successful write: \\swr10173\ftp\Tuotanto\Ip\WP\documents\2016-helmikuu2.xml
2016-07-05 14:10:43 Successful write: \\swr10173\ftp\Tuotanto\Ip\WP\documents\2016-helmikuu3.xml
2016-07-05 14:10:43 Successful write: \\swr10173\ftp\Tuotanto\Ip\WP\documents\2016-helmikuu4.xml
2016-07-05 14:10:43 Successful write: \\swr10173\ftp\Tuotanto\Ip\WP\documents\2016-helmikuu5.xml
2016-07-05 14:10:43 Successful write: \\swr10173\ftp\Tuotanto\Ip\WP\documents\2016-helmikuu6.xml
2016-07-05 14:10:44 Successful write: \\swr10173\ftp\Tuotanto\Ip\WP\documents\2016-helmikuu7.xml
2016-07-05 14:10:44 Successful write: \\swr10173\ftp\Tuotanto\Ip\WP\documents\2016-helmikuu8.xml
2016-07-05 14:10:44 Successful write: \\swr10173\ftp\Tuotanto\Ip\WP\documents\2016-helmikuu9.xml
2016-08-22 09:07:58 Successful write: output0.xml
2016-08-22 09:07:58 Successful write: output1.xml
2016-08-22 09:07:58 Successful write: output2.xml
2016-08-22 09:07:59 Successful write: output3.xml
2016-08-22 09:07:59 Successful write: output4.xml
2016-08-22 09:07:59 Successful write: output5.xml
2016-08-22 09:07:59 Successful write: output6.xml
2016-08-22 09:07:59 Successful write: output7.xml
2016-08-22 09:07:59 Successful write: output8.xml
2016-08-22 09:08:00 Successful write: output9.xml
2016-08-22 09:09:16 Successful write: output0.xml
2016-08-22 09:09:16 Successful write: output1.xml
2016-08-22 09:09:16 Successful write: output2.xml
2016-08-22 09:09:16 Successful write: output3.xml
2016-08-22 09:09:16 Successful write: output4.xml
2016-08-22 09:09:16 Successful write: output5.xml
2016-08-22 09:09:16 Successful write: output6.xml
2016-08-22 09:09:17 Successful write: output7.xml
2016-08-22 09:09:17 Successful write: output8.xml
2016-08-22 09:09:17 Successful write: output9.xml
2016-08-22 10:11:34 Successful write: outputfile0.xml
2016-08-22 10:11:35 Successful write: outputfile1.xml
2016-08-22 10:11:35 Successful write: outputfile2.xml
2016-08-22 10:11:35 Successful write: outputfile3.xml
2016-08-22 10:11:35 Successful write: outputfile4.xml
2016-08-22 10:11:35 Successful write: outputfile5.xml
2016-08-22 10:11:35 Successful write: outputfile6.xml
2016-08-22 10:11:35 Successful write: outputfile7.xml
2016-08-22 10:11:35 Successful write: outputfile8.xml
2016-08-22 10:11:35 Successful write: outputfile9.xml
2016-08-22 10:12:13 Successful write: outputfile0.xml
2016-08-22 10:12:13 Successful write: outputfile1.xml
2016-08-22 10:12:14 Successful write: outputfile2.xml
2016-08-22 10:12:14 Successful write: outputfile3.xml
2016-08-22 10:12:14 Successful write: outputfile4.xml
2016-08-22 10:12:14 Successful write: outputfile5.xml
2016-08-22 10:12:14 Successful write: outputfile6.xml
2016-08-22 10:12:14 Successful write: outputfile7.xml
2016-08-22 10:12:14 Successful write: outputfile8.xml
2016-08-22 10:12:14 Successful write: outputfile9.xml
2016-08-22 10:12:28 Successful write: outputfile0.xml
2016-08-22 10:12:28 Successful write: outputfile1.xml
2016-08-22 10:12:28 Successful write: outputfile2.xml
2016-08-22 10:12:28 Successful write: outputfile3.xml
2016-08-22 10:12:28 Successful write: outputfile4.xml
2016-08-22 10:12:28 Successful write: outputfile5.xml
2016-08-22 10:12:28 Successful write: outputfile6.xml
2016-08-22 10:12:28 Successful write: outputfile7.xml
2016-08-22 10:12:28 Successful write: outputfile8.xml
2016-08-22 10:12:29 Successful write: outputfile9.xml
2016-08-22 10:13:30 Successful write: outputfile0.xml
2016-08-22 10:13:30 Successful write: outputfile1.xml
2016-08-22 10:13:30 Successful write: outputfile2.xml
2016-08-22 10:13:30 Successful write: outputfile3.xml
2016-08-22 10:13:30 Successful write: outputfile4.xml
2016-08-22 10:13:30 Successful write: outputfile5.xml
2016-08-22 10:13:30 Successful write: outputfile6.xml
2016-08-22 10:13:30 Successful write: outputfile7.xml
2016-08-22 10:13:31 Successful write: outputfile8.xml
2016-08-22 10:13:31 Successful write: outputfile9.xml
2016-08-22 10:48:31 Error: No such file or directory \\\\swc195182\\prod\\IfLoginCommercial\\move\\2016 tammi-huhti759c28f7-4b5b-411c-86b7-4e5d244bec41.xml
2016-08-22 10:48:31 Error: No such file or directory \\\\swc195182\\prod\\IfLoginCommercial\\move\\2016 tammi-huhtif2d82c50-d685-4cdd-8913-5fb30de8f54a.xml
2016-08-22 10:48:31 Error: No such file or directory \\\\swc195182\\prod\\IfLoginCommercial\\move\\2016 tammi-huhti550d6f02-04f1-49ae-b81f-a2d32ce3df34.xml
2016-08-22 10:48:31 Error: No such file or directory \\\\swc195182\\prod\\IfLoginCommercial\\move\\2016 tammi-huhtie8560845-59dd-4efa-a8c4-557f1744ae08.xml
2016-08-22 10:48:31 Error: No such file or directory \\\\swc195182\\prod\\IfLoginCommercial\\move\\2016 tammi-huhtic10d9728-4385-41f7-85c0-d52dbb12ef9e.xml
2016-08-22 10:48:31 Error: No such file or directory \\\\swc195182\\prod\\IfLoginCommercial\\move\\2016 tammi-huhtic53d99a4-e61c-4940-aeb4-371779856211.xml
2016-08-22 10:48:31 Error: No such file or directory \\\\swc195182\\prod\\IfLoginCommercial\\move\\2016 tammi-huhtibdbea86f-bc93-4827-ab7a-f0b89818e6db.xml
2016-08-22 10:48:31 Error: No such file or directory \\\\swc195182\\prod\\IfLoginCommercial\\move\\2016 tammi-huhtieea482e7-890d-4e77-93f9-55476fd1dcec.xml
2016-08-22 10:48:31 Error: No such file or directory \\\\swc195182\\prod\\IfLoginCommercial\\move\\2016 tammi-huhti1f7c514b-c071-46f4-b533-86c305182ddd.xml
2016-08-22 10:48:31 Error: No such file or directory \\\\swc195182\\prod\\IfLoginCommercial\\move\\2016 tammi-huhti37196f12-1864-4595-9588-6e9eb87d1594.xml
2016-08-22 10:48:52 Error: No such file or directory \\swc195182\prod\IfLoginCommercial\move\2016 tammi-huhtif2d82c50-d685-4cdd-8913-5fb30de8f54a.xml
2016-08-22 10:48:52 Error: No such file or directory \\swc195182\prod\IfLoginCommercial\move\2016 tammi-huhti759c28f7-4b5b-411c-86b7-4e5d244bec41.xml
2016-08-22 10:48:52 Error: No such file or directory \\swc195182\prod\IfLoginCommercial\move\2016 tammi-huhti550d6f02-04f1-49ae-b81f-a2d32ce3df34.xml
2016-08-22 10:48:52 Error: No such file or directory \\swc195182\prod\IfLoginCommercial\move\2016 tammi-huhti37196f12-1864-4595-9588-6e9eb87d1594.xml
2016-08-22 10:48:52 Error: No such file or directory \\swc195182\prod\IfLoginCommercial\move\2016 tammi-huhtic53d99a4-e61c-4940-aeb4-371779856211.xml
2016-08-22 10:48:52 Error: No such file or directory \\swc195182\prod\IfLoginCommercial\move\2016 tammi-huhtieea482e7-890d-4e77-93f9-55476fd1dcec.xml
2016-08-22 10:48:53 Error: No such file or directory \\swc195182\prod\IfLoginCommercial\move\2016 tammi-huhtic10d9728-4385-41f7-85c0-d52dbb12ef9e.xml
2016-08-22 10:48:53 Error: No such file or directory \\swc195182\prod\IfLoginCommercial\move\2016 tammi-huhti1f7c514b-c071-46f4-b533-86c305182ddd.xml
2016-08-22 10:48:53 Error: No such file or directory \\swc195182\prod\IfLoginCommercial\move\2016 tammi-huhtie8560845-59dd-4efa-a8c4-557f1744ae08.xml
2016-08-22 10:48:53 Error: No such file or directory \\swc195182\prod\IfLoginCommercial\move\2016 tammi-huhtibdbea86f-bc93-4827-ab7a-f0b89818e6db.xml
2016-08-22 10:49:51 Successful write: output0.xml
2016-08-22 10:49:51 Successful write: output1.xml
2016-08-22 10:49:51 Successful write: output2.xml
2016-08-22 10:49:51 Successful write: output3.xml
2016-08-22 10:49:52 Successful write: output4.xml
2016-08-22 10:49:52 Successful write: output5.xml
2016-08-22 10:49:52 Successful write: output6.xml
2016-08-22 10:49:52 Successful write: output7.xml
2016-08-22 10:49:52 Successful write: output8.xml
2016-08-22 10:49:52 Successful write: output9.xml
2016-08-22 10:50:34 Successful write: output0.xml
2016-08-22 10:50:34 Successful write: output1.xml
2016-08-22 10:50:34 Successful write: output2.xml
2016-08-22 10:50:34 Successful write: output3.xml
2016-08-22 10:50:34 Successful write: output4.xml
2016-08-22 10:50:34 Successful write: output5.xml
2016-08-22 10:50:34 Successful write: output6.xml
2016-08-22 10:50:34 Successful write: output7.xml
2016-08-22 10:50:34 Successful write: output8.xml
2016-08-22 10:50:35 Successful write: output9.xml
